<?xml version="1.0" encoding="UTF-8"?>
<testsuite name="RectangleTest" tests="3" skipped="0" failures="0" errors="0" timestamp="2016-04-07T20:27:59" hostname="Dillons-MacBook-Pro.local" time="0.002">
  <properties/>
  <testcase name="newRectangle_instantiatesCorrectly" classname="RectangleTest" time="0.001"/>
  <testcase name="newRectangle_setsLength" classname="RectangleTest" time="0.0"/>
  <testcase name="newRectangle_setsWidth" classname="RectangleTest" time="0.0"/>
  <system-out><![CDATA[]]></system-out>
  <system-err><![CDATA[]]></system-err>
</testsuite>
